<?xml version="1.0" encoding="UTF-8"?>
<!-- Generated by org.testng.reporters.JUnitReportReporter -->
<testsuite hostname="DESKTOP-8C0LO3K" failures="0" tests="4" name="com.library.cucumberOptions.TestRunner" time="2.721" errors="0" timestamp="2025-05-15T07:18:11 IST" skipped="0">
  <testcase classname="com.library.cucumberOptions.TestRunner" name="runScenario" time="0.148"/>
  <testcase classname="com.library.cucumberOptions.TestRunner" name="runScenario" time="2.265"/>
  <testcase classname="com.library.cucumberOptions.TestRunner" name="runScenario" time="0.145"/>
  <testcase classname="com.library.cucumberOptions.TestRunner" name="runScenario" time="0.163"/>
</testsuite> <!-- com.library.cucumberOptions.TestRunner -->
