<?xml version="1.0" encoding="UTF-8"?>
<!-- Generated by org.testng.reporters.JUnitReportReporter -->
<testsuite hostname="DESKTOP-8C0LO3K" failures="0" tests="1" name="com.library.cucumberOptions.TestRunner" time="0.066" errors="0" timestamp="2025-05-06T08:02:45 IST" skipped="0">
  <testcase classname="com.library.cucumberOptions.TestRunner" name="runScenario" time="0.066"/>
</testsuite> <!-- com.library.cucumberOptions.TestRunner -->
