<?xml version="1.0" encoding="UTF-8"?>
<!-- Generated by org.testng.reporters.JUnitReportReporter -->
<testsuite hostname="DESKTOP-8C0LO3K" failures="0" tests="1" name="com.library.cucumberOptions.TestRunner" time="18.852" errors="0" timestamp="2025-05-13T07:41:06 IST" skipped="0">
  <testcase classname="com.library.cucumberOptions.TestRunner" name="runScenario" time="18.852"/>
</testsuite> <!-- com.library.cucumberOptions.TestRunner -->
