<?xml version="1.0" encoding="UTF-8"?>
<!-- Generated by org.testng.reporters.JUnitReportReporter -->
<testsuite hostname="DESKTOP-8C0LO3K" failures="0" tests="4" name="com.library.cucumberOptions.TestRunner" time="10.394" errors="0" timestamp="2025-05-14T07:43:13 IST" skipped="0">
  <testcase classname="com.library.cucumberOptions.TestRunner" name="runScenario" time="9.251"/>
  <testcase classname="com.library.cucumberOptions.TestRunner" name="runScenario" time="0.380"/>
  <testcase classname="com.library.cucumberOptions.TestRunner" name="runScenario" time="0.351"/>
  <testcase classname="com.library.cucumberOptions.TestRunner" name="runScenario" time="0.412"/>
</testsuite> <!-- com.library.cucumberOptions.TestRunner -->
