<?xml version="1.0" encoding="UTF-8"?>
<!-- Generated by org.testng.reporters.JUnitReportReporter -->
<testsuite hostname="DESKTOP-8C0LO3K" failures="0" tests="5" name="com.library.cucumberOptions.TestRunner" time="2.908" errors="0" timestamp="2025-05-15T07:21:51 IST" skipped="0">
  <testcase classname="com.library.cucumberOptions.TestRunner" name="runScenario" time="0.155"/>
  <testcase classname="com.library.cucumberOptions.TestRunner" name="runScenario" time="0.347"/>
  <testcase classname="com.library.cucumberOptions.TestRunner" name="runScenario" time="2.106"/>
  <testcase classname="com.library.cucumberOptions.TestRunner" name="runScenario" time="0.151"/>
  <testcase classname="com.library.cucumberOptions.TestRunner" name="runScenario" time="0.149"/>
</testsuite> <!-- com.library.cucumberOptions.TestRunner -->
